src/tools/advanced-caching/cache-analytics.ts(1,598): error TS6133: 'CacheEngine' is declared but its value is never read.
src/tools/advanced-caching/cache-analytics.ts(2,1): error TS6133: 'TokenCounter' is declared but its value is never read.
src/tools/advanced-caching/cache-analytics.ts(3,1): error TS6133: 'MetricsCollector' is declared but its value is never read.
src/tools/advanced-caching/cache-analytics.ts(4,1): error TS6192: All imports in import declaration are unused.
src/tools/advanced-caching/cache-analytics.ts(5,1): error TS6133: 'join' is declared but its value is never read.
src/tools/advanced-caching/cache-analytics.ts(6,1): error TS6133: 'createCanvas' is declared but its value is never read.
src/tools/advanced-caching/cache-analytics.ts(7,1): error TS6133: 'generateCacheKey' is declared but its value is never read.
src/tools/advanced-caching/cache-analytics.ts(8,1): error TS6192: All imports in import declaration are unused.
src/tools/advanced-caching/cache-benchmark.ts(867,11): error TS6133: 'cache' is declared but its value is never read.
src/tools/advanced-caching/cache-compression.ts(231,11): error TS6133: 'deltaStates' is declared but its value is never read.
src/tools/advanced-caching/cache-compression.ts(232,11): error TS6133: 'compressionDictionaries' is declared but its value is never read.
src/tools/advanced-caching/cache-invalidation.ts(1,545): error TS6133: 'createHash' is declared but its value is never read.
src/tools/advanced-caching/cache-invalidation.ts(2,1): error TS6133: 'CacheEngine' is declared but its value is never read.
src/tools/advanced-caching/cache-invalidation.ts(3,1): error TS6133: 'TokenCounter' is declared but its value is never read.
src/tools/advanced-caching/cache-invalidation.ts(4,1): error TS6133: 'MetricsCollector' is declared but its value is never read.
src/tools/advanced-caching/cache-optimizer.ts(1,430): error TS6133: 'CacheEngine' is declared but its value is never read.
src/tools/advanced-caching/cache-optimizer.ts(2,1): error TS6133: 'TokenCounter' is declared but its value is never read.
src/tools/advanced-caching/cache-optimizer.ts(3,1): error TS6133: 'MetricsCollector' is declared but its value is never read.
src/tools/advanced-caching/cache-optimizer.ts(4,1): error TS6133: 'generateCacheKey' is declared but its value is never read.
src/tools/advanced-caching/cache-optimizer.ts(5,1): error TS6133: 'createHash' is declared but its value is never read.
src/tools/advanced-caching/cache-partition.ts(1362,11): error TS6133: '_coAccessPatterns' is declared but its value is never read.
src/tools/advanced-caching/cache-replication.ts(1,509): error TS6133: 'createHash' is declared but its value is never read.
src/tools/advanced-caching/cache-replication.ts(2,1): error TS6133: 'CacheEngine' is declared but its value is never read.
src/tools/advanced-caching/cache-replication.ts(3,1): error TS6133: 'TokenCounter' is declared but its value is never read.
src/tools/advanced-caching/cache-replication.ts(4,1): error TS6133: 'MetricsCollector' is declared but its value is never read.
src/tools/advanced-caching/cache-warmup.ts(1,648): error TS6133: 'CacheEngine' is declared but its value is never read.
src/tools/advanced-caching/cache-warmup.ts(2,1): error TS6133: 'TokenCounter' is declared but its value is never read.
src/tools/advanced-caching/cache-warmup.ts(3,1): error TS6133: 'MetricsCollector' is declared but its value is never read.
src/tools/advanced-caching/cache-warmup.ts(4,1): error TS6133: 'createHash' is declared but its value is never read.
src/tools/advanced-caching/predictive-cache.ts(1,868): error TS6133: 'CacheEngine' is declared but its value is never read.
src/tools/advanced-caching/predictive-cache.ts(2,1): error TS6133: 'TokenCounter' is declared but its value is never read.
src/tools/advanced-caching/predictive-cache.ts(3,1): error TS6133: 'MetricsCollector' is declared but its value is never read.
src/tools/advanced-caching/predictive-cache.ts(4,1): error TS6192: All imports in import declaration are unused.
src/tools/advanced-caching/predictive-cache.ts(5,1): error TS6133: 'createHash' is declared but its value is never read.
src/tools/advanced-caching/smart-cache.ts(1,677): error TS6133: 'CacheEngine' is declared but its value is never read.
src/tools/advanced-caching/smart-cache.ts(2,1): error TS6133: 'TokenCounter' is declared but its value is never read.
src/tools/advanced-caching/smart-cache.ts(3,1): error TS6133: 'MetricsCollector' is declared but its value is never read.
src/tools/advanced-caching/smart-cache.ts(4,1): error TS6133: 'createHash' is declared but its value is never read.
src/tools/advanced-caching/smart-cache.ts(5,1): error TS6133: 'EventEmitter' is declared but its value is never read.
src/tools/api-database/smart-database.ts(1,641): error TS6133: 'createHash' is declared but its value is never read.
src/tools/api-database/smart-database.ts(2,1): error TS6133: 'CacheEngine' is declared but its value is never read.
src/tools/api-database/smart-database.ts(3,1): error TS6133: 'TokenCounter' is declared but its value is never read.
src/tools/api-database/smart-database.ts(4,1): error TS6133: 'MetricsCollector' is declared but its value is never read.
src/tools/api-database/smart-database.ts(5,1): error TS6133: 'CacheEngineClass' is declared but its value is never read.
src/tools/api-database/smart-database.ts(6,1): error TS6133: 'globalTokenCounter' is declared but its value is never read.
src/tools/api-database/smart-database.ts(7,1): error TS6133: 'globalMetricsCollector' is declared but its value is never read.
src/tools/api-database/smart-orm.ts(178,11): error TS6133: 'relationships' is declared but its value is never read.
src/tools/api-database/smart-sql.ts(493,13): error TS6133: 'compact' is declared but its value is never read.
src/tools/api-database/smart-sql.ts(503,13): error TS6133: 'compact' is declared but its value is never read.
src/tools/api-database/smart-sql.ts(514,13): error TS6133: 'compact' is declared but its value is never read.
src/tools/api-database/smart-sql.ts(525,13): error TS6133: 'compact' is declared but its value is never read.
src/tools/api-database/smart-sql.ts(532,13): error TS6133: 'compact' is declared but its value is never read.
src/tools/build-systems/smart-build.ts(13,1): error TS6133: 'tokenCounter' is declared but its value is never read.
src/tools/build-systems/smart-build.ts(120,11): error TS6133: '_tokenCounter' is declared but its value is never read.
src/tools/build-systems/smart-build.ts(121,11): error TS6133: '_metrics' is declared but its value is never read.
src/tools/build-systems/smart-lint.ts(13,1): error TS6133: 'tokenCounter' is declared but its value is never read.
src/tools/build-systems/smart-lint.ts(153,11): error TS6133: '_tokenCounter' is declared but its value is never read.
src/tools/build-systems/smart-lint.ts(154,11): error TS6133: '_metrics' is declared but its value is never read.
src/tools/build-systems/smart-lint.ts(364,11): error TS6133: '_markAsIgnored' is declared but its value is never read.
src/tools/build-systems/smart-logs.ts(14,10): error TS6133: 'readFileSync' is declared but its value is never read.
src/tools/build-systems/smart-network.ts(21,7): error TS6133: '_dnsResolve' is declared but its value is never read.
src/tools/build-systems/smart-network.ts(183,11): error TS6133: 'projectRoot' is declared but its value is never read.
src/tools/build-systems/smart-processes.ts(148,11): error TS6133: 'tokenCounter' is declared but its value is never read.
src/tools/build-systems/smart-processes.ts(149,11): error TS6133: 'metrics' is declared but its value is never read.
src/tools/build-systems/smart-processes.ts(152,11): error TS6133: '_projectRoot' is declared but its value is never read.
src/tools/build-systems/smart-system-metrics.ts(171,11): error TS6133: 'projectRoot' is declared but its value is never read.
src/tools/build-systems/smart-test.ts(135,11): error TS6133: 'tokenCounter' is declared but its value is never read.
src/tools/build-systems/smart-test.ts(136,11): error TS6133: 'metrics' is declared but its value is never read.
src/tools/build-systems/smart-typecheck.ts(13,1): error TS6133: 'tokenCounter' is declared but its value is never read.
src/tools/build-systems/smart-typecheck.ts(113,11): error TS6133: '_tokenCounter' is declared but its value is never read.
src/tools/build-systems/smart-typecheck.ts(114,11): error TS6133: '_metrics' is declared but its value is never read.
src/tools/code-analysis/smart-ambiance.ts(1,506): error TS6192: All imports in import declaration are unused.
src/tools/code-analysis/smart-ambiance.ts(7,1): error TS6192: All imports in import declaration are unused.
src/tools/code-analysis/smart-ambiance.ts(8,1): error TS6133: 'CacheEngine' is declared but its value is never read.
src/tools/code-analysis/smart-ambiance.ts(9,1): error TS6133: 'TokenCounter' is declared but its value is never read.
src/tools/code-analysis/smart-ambiance.ts(10,1): error TS6133: 'MetricsCollector' is declared but its value is never read.
src/tools/code-analysis/smart-ambiance.ts(11,1): error TS6192: All imports in import declaration are unused.
src/tools/code-analysis/smart-ambiance.ts(12,1): error TS6192: All imports in import declaration are unused.
src/tools/code-analysis/smart-ambiance.ts(13,1): error TS6192: All imports in import declaration are unused.
src/tools/code-analysis/smart-ambiance.ts(14,1): error TS6133: 'ts' is declared but its value is never read.
src/tools/code-analysis/smart-ambiance.ts(15,1): error TS6133: 'createHash' is declared but its value is never read.
src/tools/code-analysis/smart-ast-grep.ts(161,9): error TS6133: '_cachedResult' is declared but its value is never read.
src/tools/code-analysis/smart-dependencies.ts(16,24): error TS6133: 'statSync' is declared but its value is never read.
src/tools/code-analysis/smart-dependencies.ts(21,47): error TS6133: 'basename' is declared but its value is never read.
src/tools/code-analysis/smart-dependencies.ts(25,10): error TS6133: 'hashFile' is declared but its value is never read.
src/tools/code-analysis/smart-exports.ts(254,11): error TS6133: '_reductionPercentage' is declared but its value is never read.
src/tools/code-analysis/smart-exports.ts(449,11): error TS6133: '_fileDir' is declared but its value is never read.
src/tools/code-analysis/smart-imports.ts(272,11): error TS6133: '_reductionPercentage' is declared but its value is never read.
src/tools/code-analysis/smart-refactor.ts(17,54): error TS6133: 'SymbolInfo' is declared but its value is never read.
src/tools/code-analysis/smart-refactor.ts(18,60): error TS6133: 'ComplexityMetrics' is declared but its value is never read.
src/tools/code-analysis/smart-refactor.ts(162,11): error TS6133: '_symbolsResult' is declared but its value is never read.
src/tools/code-analysis/smart-refactor.ts(373,17): error TS6133: 'hash' is declared but its value is never read.
src/tools/code-analysis/smart-security.ts(17,35): error TS6133: 'dirname' is declared but its value is never read.
src/tools/code-analysis/smart-security.ts(554,11): error TS6133: 'tokenCounter' is declared but its value is never read.
src/tools/code-analysis/smart-symbols.ts(16,36)